<?xml version="1.0" encoding="UTF-8"?>
<coverage generated="1694124912021" clover="3.2.0">
  <project timestamp="1694124912022" name="All files">
    <metrics statements="72" coveredstatements="72" conditionals="24" coveredconditionals="22" methods="31" coveredmethods="31" elements="127" coveredelements="125" complexity="0" loc="72" ncloc="72" packages="2" files="6" classes="6"/>
    <package name="src">
      <metrics statements="34" coveredstatements="34" conditionals="12" coveredconditionals="12" methods="14" coveredmethods="14"/>
      <file name="App.tsx" path="C:\Users\crist\OneDrive\Desktop\Carpeta\Dream\React\TypeScript\reactTodoList\src\App.tsx">
        <metrics statements="2" coveredstatements="2" conditionals="2" coveredconditionals="2" methods="1" coveredmethods="1"/>
        <line num="9" count="12" type="stmt"/>
        <line num="10" count="12" type="stmt"/>
      </file>
      <file name="ButtonClear.tsx" path="C:\Users\crist\OneDrive\Desktop\Carpeta\Dream\React\TypeScript\reactTodoList\src\ButtonClear.tsx">
        <metrics statements="2" coveredstatements="2" conditionals="0" coveredconditionals="0" methods="1" coveredmethods="1"/>
        <line num="6" count="30" type="stmt"/>
        <line num="7" count="30" type="stmt"/>
      </file>
      <file name="TaskCard.tsx" path="C:\Users\crist\OneDrive\Desktop\Carpeta\Dream\React\TypeScript\reactTodoList\src\TaskCard.tsx">
        <metrics statements="14" coveredstatements="14" conditionals="8" coveredconditionals="8" methods="6" coveredmethods="6"/>
        <line num="11" count="3" type="stmt"/>
        <line num="12" count="72" type="stmt"/>
        <line num="13" count="72" type="stmt"/>
        <line num="17" count="72" type="stmt"/>
        <line num="20" count="9" type="stmt"/>
        <line num="21" count="9" type="stmt"/>
        <line num="22" count="9" type="stmt"/>
        <line num="26" count="9" type="cond" truecount="2" falsecount="0"/>
        <line num="27" count="7" type="stmt"/>
        <line num="31" count="2" type="stmt"/>
        <line num="35" count="72" type="stmt"/>
        <line num="42" count="7" type="stmt"/>
        <line num="51" count="2" type="stmt"/>
        <line num="58" count="1" type="stmt"/>
      </file>
      <file name="TaskForm.tsx" path="C:\Users\crist\OneDrive\Desktop\Carpeta\Dream\React\TypeScript\reactTodoList\src\TaskForm.tsx">
        <metrics statements="13" coveredstatements="13" conditionals="2" coveredconditionals="2" methods="4" coveredmethods="4"/>
        <line num="11" count="35" type="stmt"/>
        <line num="17" count="35" type="stmt"/>
        <line num="19" count="35" type="stmt"/>
        <line num="23" count="7" type="stmt"/>
        <line num="24" count="7" type="stmt"/>
        <line num="25" count="7" type="stmt"/>
        <line num="33" count="7" type="stmt"/>
        <line num="37" count="8" type="stmt"/>
        <line num="38" count="8" type="cond" truecount="2" falsecount="0"/>
        <line num="39" count="7" type="stmt"/>
        <line num="40" count="7" type="stmt"/>
        <line num="47" count="8" type="stmt"/>
        <line num="49" count="35" type="stmt"/>
      </file>
      <file name="TaskList.tsx" path="C:\Users\crist\OneDrive\Desktop\Carpeta\Dream\React\TypeScript\reactTodoList\src\TaskList.tsx">
        <metrics statements="3" coveredstatements="3" conditionals="0" coveredconditionals="0" methods="2" coveredmethods="2"/>
        <line num="6" count="30" type="stmt"/>
        <line num="8" count="30" type="stmt"/>
        <line num="11" count="67" type="stmt"/>
      </file>
    </package>
    <package name="src.context">
      <metrics statements="38" coveredstatements="38" conditionals="12" coveredconditionals="10" methods="17" coveredmethods="17"/>
      <file name="TaskContext.tsx" path="C:\Users\crist\OneDrive\Desktop\Carpeta\Dream\React\TypeScript\reactTodoList\src\context\TaskContext.tsx">
        <metrics statements="38" coveredstatements="38" conditionals="12" coveredconditionals="10" methods="17" coveredmethods="17"/>
        <line num="27" count="4" type="stmt"/>
        <line num="28" count="4" type="stmt"/>
        <line num="32" count="40" type="cond" truecount="3" falsecount="1"/>
        <line num="33" count="40" type="stmt"/>
        <line num="34" count="40" type="stmt"/>
        <line num="44" count="40" type="stmt"/>
        <line num="45" count="7" type="stmt"/>
        <line num="48" count="40" type="stmt"/>
        <line num="49" count="4" type="cond" truecount="2" falsecount="0"/>
        <line num="52" count="40" type="stmt"/>
        <line num="53" count="6" type="cond" truecount="1" falsecount="1"/>
        <line num="56" count="40" type="stmt"/>
        <line num="57" count="7" type="stmt"/>
        <line num="58" count="7" type="stmt"/>
        <line num="59" count="7" type="stmt"/>
        <line num="60" count="18" type="stmt"/>
        <line num="61" count="18" type="cond" truecount="2" falsecount="0"/>
        <line num="63" count="6" type="stmt"/>
        <line num="65" count="12" type="stmt"/>
        <line num="68" count="7" type="stmt"/>
        <line num="72" count="40" type="stmt"/>
        <line num="73" count="22" type="stmt"/>
        <line num="74" count="22" type="stmt"/>
        <line num="75" count="22" type="stmt"/>
        <line num="76" count="37" type="stmt"/>
        <line num="77" count="37" type="stmt"/>
        <line num="79" count="22" type="stmt"/>
        <line num="83" count="40" type="stmt"/>
        <line num="84" count="2" type="stmt"/>
        <line num="85" count="2" type="stmt"/>
        <line num="86" count="2" type="stmt"/>
        <line num="87" count="8" type="stmt"/>
        <line num="88" count="8" type="cond" truecount="2" falsecount="0"/>
        <line num="90" count="2" type="stmt"/>
        <line num="91" count="2" type="stmt"/>
        <line num="93" count="6" type="stmt"/>
        <line num="97" count="2" type="stmt"/>
        <line num="100" count="40" type="stmt"/>
      </file>
    </package>
  </project>
</coverage>
