<?xml version="1.0" encoding="UTF-8"?>
<coverage generated="1693974712314" clover="3.2.0">
  <project timestamp="1693974712315" name="All files">
    <metrics statements="70" coveredstatements="70" conditionals="22" coveredconditionals="19" methods="30" coveredmethods="30" elements="122" coveredelements="119" complexity="0" loc="70" ncloc="70" packages="2" files="5" classes="5"/>
    <package name="src">
      <metrics statements="32" coveredstatements="32" conditionals="10" coveredconditionals="9" methods="13" coveredmethods="13"/>
      <file name="ButtonClear.tsx" path="C:\Users\crist\OneDrive\Desktop\Carpeta\Dream\React\TypeScript\reactTodoList\src\ButtonClear.tsx">
        <metrics statements="2" coveredstatements="2" conditionals="0" coveredconditionals="0" methods="1" coveredmethods="1"/>
        <line num="6" count="19" type="stmt"/>
        <line num="7" count="19" type="stmt"/>
      </file>
      <file name="TaskCard.tsx" path="C:\Users\crist\OneDrive\Desktop\Carpeta\Dream\React\TypeScript\reactTodoList\src\TaskCard.tsx">
        <metrics statements="14" coveredstatements="14" conditionals="8" coveredconditionals="8" methods="6" coveredmethods="6"/>
        <line num="11" count="2" type="stmt"/>
        <line num="12" count="51" type="stmt"/>
        <line num="13" count="51" type="stmt"/>
        <line num="17" count="51" type="stmt"/>
        <line num="20" count="6" type="stmt"/>
        <line num="21" count="6" type="stmt"/>
        <line num="22" count="6" type="stmt"/>
        <line num="26" count="6" type="cond" truecount="2" falsecount="0"/>
        <line num="27" count="4" type="stmt"/>
        <line num="31" count="2" type="stmt"/>
        <line num="37" count="51" type="stmt"/>
        <line num="44" count="4" type="stmt"/>
        <line num="53" count="2" type="stmt"/>
        <line num="60" count="1" type="stmt"/>
      </file>
      <file name="TaskForm.tsx" path="C:\Users\crist\OneDrive\Desktop\Carpeta\Dream\React\TypeScript\reactTodoList\src\TaskForm.tsx">
        <metrics statements="13" coveredstatements="13" conditionals="2" coveredconditionals="1" methods="4" coveredmethods="4"/>
        <line num="11" count="21" type="stmt"/>
        <line num="17" count="21" type="stmt"/>
        <line num="19" count="21" type="stmt"/>
        <line num="23" count="4" type="stmt"/>
        <line num="24" count="4" type="stmt"/>
        <line num="25" count="4" type="stmt"/>
        <line num="33" count="4" type="stmt"/>
        <line num="37" count="4" type="stmt"/>
        <line num="38" count="4" type="cond" truecount="1" falsecount="1"/>
        <line num="39" count="4" type="stmt"/>
        <line num="40" count="4" type="stmt"/>
        <line num="47" count="4" type="stmt"/>
        <line num="49" count="21" type="stmt"/>
      </file>
      <file name="TaskList.tsx" path="C:\Users\crist\OneDrive\Desktop\Carpeta\Dream\React\TypeScript\reactTodoList\src\TaskList.tsx">
        <metrics statements="3" coveredstatements="3" conditionals="0" coveredconditionals="0" methods="2" coveredmethods="2"/>
        <line num="6" count="19" type="stmt"/>
        <line num="8" count="19" type="stmt"/>
        <line num="11" count="46" type="stmt"/>
      </file>
    </package>
    <package name="src.context">
      <metrics statements="38" coveredstatements="38" conditionals="12" coveredconditionals="10" methods="17" coveredmethods="17"/>
      <file name="TaskContext.tsx" path="C:\Users\crist\OneDrive\Desktop\Carpeta\Dream\React\TypeScript\reactTodoList\src\context\TaskContext.tsx">
        <metrics statements="38" coveredstatements="38" conditionals="12" coveredconditionals="10" methods="17" coveredmethods="17"/>
        <line num="27" count="3" type="stmt"/>
        <line num="28" count="3" type="stmt"/>
        <line num="32" count="26" type="cond" truecount="3" falsecount="1"/>
        <line num="33" count="26" type="stmt"/>
        <line num="34" count="26" type="stmt"/>
        <line num="44" count="26" type="stmt"/>
        <line num="45" count="4" type="stmt"/>
        <line num="48" count="26" type="stmt"/>
        <line num="49" count="4" type="cond" truecount="2" falsecount="0"/>
        <line num="52" count="26" type="stmt"/>
        <line num="53" count="3" type="cond" truecount="1" falsecount="1"/>
        <line num="56" count="26" type="stmt"/>
        <line num="57" count="4" type="stmt"/>
        <line num="58" count="4" type="stmt"/>
        <line num="59" count="4" type="stmt"/>
        <line num="60" count="9" type="stmt"/>
        <line num="61" count="9" type="cond" truecount="2" falsecount="0"/>
        <line num="63" count="3" type="stmt"/>
        <line num="65" count="6" type="stmt"/>
        <line num="68" count="4" type="stmt"/>
        <line num="72" count="26" type="stmt"/>
        <line num="73" count="8" type="stmt"/>
        <line num="74" count="8" type="stmt"/>
        <line num="75" count="8" type="stmt"/>
        <line num="76" count="16" type="stmt"/>
        <line num="77" count="16" type="stmt"/>
        <line num="79" count="8" type="stmt"/>
        <line num="83" count="26" type="stmt"/>
        <line num="84" count="2" type="stmt"/>
        <line num="85" count="2" type="stmt"/>
        <line num="86" count="2" type="stmt"/>
        <line num="87" count="8" type="stmt"/>
        <line num="88" count="8" type="cond" truecount="2" falsecount="0"/>
        <line num="90" count="2" type="stmt"/>
        <line num="91" count="2" type="stmt"/>
        <line num="93" count="6" type="stmt"/>
        <line num="97" count="2" type="stmt"/>
        <line num="100" count="26" type="stmt"/>
      </file>
    </package>
  </project>
</coverage>
