{"C:\\Users\\crist\\OneDrive\\Desktop\\Carpeta\\Dream\\React\\TypeScript\\reactTodoList\\src\\App.tsx": {"path":"C:\\Users\\crist\\OneDrive\\Desktop\\Carpeta\\Dream\\React\\TypeScript\\reactTodoList\\src\\App.tsx","statementMap":{"0":{"start":{"line":9,"column":34},"end":{"line":9,"column":76}},"1":{"start":{"line":10,"column":2},"end":{"line":24,"column":3}}},"fnMap":{"0":{"name":"App","decl":{"start":{"line":8,"column":9},"end":{"line":8,"column":12}},"loc":{"start":{"line":8,"column":15},"end":{"line":25,"column":1}},"line":8}},"branchMap":{"0":{"loc":{"start":{"line":15,"column":12},"end":{"line":19,"column":18}},"type":"binary-expr","locations":[{"start":{"line":15,"column":12},"end":{"line":15,"column":28}},{"start":{"line":16,"column":12},"end":{"line":19,"column":18}}],"line":15}},"s":{"0":12,"1":12},"f":{"0":12},"b":{"0":[12,9]},"_coverageSchema":"1a1c01bbd47fc00a2c39e90264f33305004495a9","hash":"95385354568230c6bcdc28dce923ac93ecdc17d9"}
,"C:\\Users\\crist\\OneDrive\\Desktop\\Carpeta\\Dream\\React\\TypeScript\\reactTodoList\\src\\ButtonClear.tsx": {"path":"C:\\Users\\crist\\OneDrive\\Desktop\\Carpeta\\Dream\\React\\TypeScript\\reactTodoList\\src\\ButtonClear.tsx","statementMap":{"0":{"start":{"line":6,"column":35},"end":{"line":6,"column":77}},"1":{"start":{"line":7,"column":2},"end":{"line":12,"column":3}}},"fnMap":{"0":{"name":"ButtonClear","decl":{"start":{"line":5,"column":9},"end":{"line":5,"column":20}},"loc":{"start":{"line":5,"column":23},"end":{"line":13,"column":1}},"line":5}},"branchMap":{},"s":{"0":30,"1":30},"f":{"0":30},"b":{},"_coverageSchema":"1a1c01bbd47fc00a2c39e90264f33305004495a9","hash":"d769825c88e83e334326fb25a4f28c6a91c46f2a"}
,"C:\\Users\\crist\\OneDrive\\Desktop\\Carpeta\\Dream\\React\\TypeScript\\reactTodoList\\src\\TaskCard.tsx": {"path":"C:\\Users\\crist\\OneDrive\\Desktop\\Carpeta\\Dream\\React\\TypeScript\\reactTodoList\\src\\TaskCard.tsx","statementMap":{"0":{"start":{"line":11,"column":34},"end":{"line":65,"column":1}},"1":{"start":{"line":12,"column":52},"end":{"line":12,"column":94}},"2":{"start":{"line":13,"column":19},"end":{"line":16,"column":3}},"3":{"start":{"line":17,"column":34},"end":{"line":17,"column":57}},"4":{"start":{"line":20,"column":45},"end":{"line":20,"column":57}},"5":{"start":{"line":21,"column":6},"end":{"line":25,"column":12}},"6":{"start":{"line":22,"column":9},"end":{"line":25,"column":10}},"7":{"start":{"line":26,"column":9},"end":{"line":32,"column":10}},"8":{"start":{"line":27,"column":12},"end":{"line":27,"column":42}},"9":{"start":{"line":31,"column":12},"end":{"line":31,"column":37}},"10":{"start":{"line":35,"column":4},"end":{"line":63,"column":4}},"11":{"start":{"line":42,"column":34},"end":{"line":42,"column":58}},"12":{"start":{"line":51,"column":42},"end":{"line":51,"column":66}},"13":{"start":{"line":58,"column":27},"end":{"line":58,"column":46}}},"fnMap":{"0":{"name":"(anonymous_0)","decl":{"start":{"line":11,"column":34},"end":{"line":11,"column":35}},"loc":{"start":{"line":11,"column":48},"end":{"line":65,"column":1}},"line":11},"1":{"name":"handleChange","decl":{"start":{"line":19,"column":12},"end":{"line":19,"column":24}},"loc":{"start":{"line":19,"column":85},"end":{"line":33,"column":4}},"line":19},"2":{"name":"(anonymous_2)","decl":{"start":{"line":21,"column":18},"end":{"line":21,"column":19}},"loc":{"start":{"line":21,"column":34},"end":{"line":25,"column":11}},"line":21},"3":{"name":"(anonymous_3)","decl":{"start":{"line":42,"column":27},"end":{"line":42,"column":28}},"loc":{"start":{"line":42,"column":34},"end":{"line":42,"column":58}},"line":42},"4":{"name":"(anonymous_4)","decl":{"start":{"line":51,"column":35},"end":{"line":51,"column":36}},"loc":{"start":{"line":51,"column":42},"end":{"line":51,"column":66}},"line":51},"5":{"name":"(anonymous_5)","decl":{"start":{"line":58,"column":21},"end":{"line":58,"column":22}},"loc":{"start":{"line":58,"column":27},"end":{"line":58,"column":46}},"line":58}},"branchMap":{"0":{"loc":{"start":{"line":24,"column":20},"end":{"line":24,"column":57}},"type":"cond-expr","locations":[{"start":{"line":24,"column":42},"end":{"line":24,"column":49}},{"start":{"line":24,"column":52},"end":{"line":24,"column":57}}],"line":24},"1":{"loc":{"start":{"line":26,"column":9},"end":{"line":32,"column":10}},"type":"if","locations":[{"start":{"line":26,"column":9},"end":{"line":32,"column":10}},{"start":{"line":29,"column":14},"end":{"line":32,"column":10}}],"line":26},"2":{"loc":{"start":{"line":44,"column":18},"end":{"line":53,"column":121}},"type":"cond-expr","locations":[{"start":{"line":45,"column":16},"end":{"line":48,"column":133}},{"start":{"line":49,"column":15},"end":{"line":53,"column":121}}],"line":44},"3":{"loc":{"start":{"line":56,"column":12},"end":{"line":59,"column":122}},"type":"cond-expr","locations":[{"start":{"line":57,"column":12},"end":{"line":58,"column":49}},{"start":{"line":59,"column":12},"end":{"line":59,"column":122}}],"line":56}},"s":{"0":3,"1":72,"2":72,"3":72,"4":9,"5":9,"6":9,"7":9,"8":7,"9":2,"10":72,"11":7,"12":2,"13":1},"f":{"0":72,"1":9,"2":9,"3":7,"4":2,"5":1},"b":{"0":[7,2],"1":[7,2],"2":[13,59],"3":[3,69]},"_coverageSchema":"1a1c01bbd47fc00a2c39e90264f33305004495a9","hash":"9fe3b724634573d65a05f7fa2b1f9bfc9ef1c69d"}
,"C:\\Users\\crist\\OneDrive\\Desktop\\Carpeta\\Dream\\React\\TypeScript\\reactTodoList\\src\\TaskForm.tsx": {"path":"C:\\Users\\crist\\OneDrive\\Desktop\\Carpeta\\Dream\\React\\TypeScript\\reactTodoList\\src\\TaskForm.tsx","statementMap":{"0":{"start":{"line":11,"column":20},"end":{"line":16,"column":5}},"1":{"start":{"line":17,"column":36},"end":{"line":17,"column":53}},"2":{"start":{"line":19,"column":42},"end":{"line":19,"column":84}},"3":{"start":{"line":23,"column":32},"end":{"line":23,"column":40}},"4":{"start":{"line":24,"column":8},"end":{"line":32,"column":10}},"5":{"start":{"line":25,"column":12},"end":{"line":30,"column":13}},"6":{"start":{"line":33,"column":8},"end":{"line":33,"column":23}},"7":{"start":{"line":37,"column":8},"end":{"line":37,"column":27}},"8":{"start":{"line":38,"column":8},"end":{"line":46,"column":9}},"9":{"start":{"line":39,"column":12},"end":{"line":39,"column":33}},"10":{"start":{"line":40,"column":12},"end":{"line":45,"column":14}},"11":{"start":{"line":47,"column":8},"end":{"line":47,"column":23}},"12":{"start":{"line":49,"column":2},"end":{"line":65,"column":3}}},"fnMap":{"0":{"name":"TaskForm","decl":{"start":{"line":8,"column":9},"end":{"line":8,"column":17}},"loc":{"start":{"line":8,"column":20},"end":{"line":66,"column":1}},"line":8},"1":{"name":"handleChange","decl":{"start":{"line":22,"column":13},"end":{"line":22,"column":25}},"loc":{"start":{"line":22,"column":87},"end":{"line":34,"column":5}},"line":22},"2":{"name":"(anonymous_2)","decl":{"start":{"line":24,"column":20},"end":{"line":24,"column":21}},"loc":{"start":{"line":24,"column":36},"end":{"line":32,"column":9}},"line":24},"3":{"name":"handleSubmit","decl":{"start":{"line":36,"column":13},"end":{"line":36,"column":25}},"loc":{"start":{"line":36,"column":63},"end":{"line":48,"column":5}},"line":36}},"branchMap":{"0":{"loc":{"start":{"line":38,"column":8},"end":{"line":46,"column":9}},"type":"if","locations":[{"start":{"line":38,"column":8},"end":{"line":46,"column":9}},{"start":{},"end":{}}],"line":38}},"s":{"0":35,"1":35,"2":35,"3":7,"4":7,"5":7,"6":7,"7":8,"8":8,"9":7,"10":7,"11":8,"12":35},"f":{"0":35,"1":7,"2":7,"3":8},"b":{"0":[7,1]},"_coverageSchema":"1a1c01bbd47fc00a2c39e90264f33305004495a9","hash":"eac95e1431fa62ed5d59e1cd6c974c0554e6ea33"}
,"C:\\Users\\crist\\OneDrive\\Desktop\\Carpeta\\Dream\\React\\TypeScript\\reactTodoList\\src\\TaskList.tsx": {"path":"C:\\Users\\crist\\OneDrive\\Desktop\\Carpeta\\Dream\\React\\TypeScript\\reactTodoList\\src\\TaskList.tsx","statementMap":{"0":{"start":{"line":6,"column":20},"end":{"line":6,"column":62}},"1":{"start":{"line":8,"column":2},"end":{"line":16,"column":3}},"2":{"start":{"line":11,"column":16},"end":{"line":13,"column":21}}},"fnMap":{"0":{"name":"TaskList","decl":{"start":{"line":5,"column":9},"end":{"line":5,"column":17}},"loc":{"start":{"line":5,"column":20},"end":{"line":17,"column":1}},"line":5},"1":{"name":"(anonymous_1)","decl":{"start":{"line":10,"column":23},"end":{"line":10,"column":24}},"loc":{"start":{"line":10,"column":28},"end":{"line":14,"column":13}},"line":10}},"branchMap":{},"s":{"0":30,"1":30,"2":67},"f":{"0":30,"1":67},"b":{},"_coverageSchema":"1a1c01bbd47fc00a2c39e90264f33305004495a9","hash":"2bedf23119187c021c3a98cf808a55e97c681a39"}
,"C:\\Users\\crist\\OneDrive\\Desktop\\Carpeta\\Dream\\React\\TypeScript\\reactTodoList\\src\\context\\TaskContext.tsx": {"path":"C:\\Users\\crist\\OneDrive\\Desktop\\Carpeta\\Dream\\React\\TypeScript\\reactTodoList\\src\\context\\TaskContext.tsx","statementMap":{"0":{"start":{"line":27,"column":27},"end":{"line":27,"column":70}},"1":{"start":{"line":28,"column":35},"end":{"line":118,"column":1}},"2":{"start":{"line":32,"column":30},"end":{"line":32,"column":120}},"3":{"start":{"line":32,"column":64},"end":{"line":32,"column":119}},"4":{"start":{"line":33,"column":3},"end":{"line":40,"column":11}},"5":{"start":{"line":34,"column":6},"end":{"line":34,"column":58}},"6":{"start":{"line":44,"column":22},"end":{"line":46,"column":5}},"7":{"start":{"line":45,"column":6},"end":{"line":45,"column":49}},"8":{"start":{"line":45,"column":28},"end":{"line":45,"column":48}},"9":{"start":{"line":48,"column":23},"end":{"line":50,"column":5}},"10":{"start":{"line":49,"column":6},"end":{"line":49,"column":88}},"11":{"start":{"line":49,"column":28},"end":{"line":49,"column":87}},"12":{"start":{"line":49,"column":56},"end":{"line":49,"column":84}},"13":{"start":{"line":52,"column":33},"end":{"line":54,"column":5}},"14":{"start":{"line":53,"column":6},"end":{"line":53,"column":83}},"15":{"start":{"line":53,"column":28},"end":{"line":53,"column":82}},"16":{"start":{"line":53,"column":56},"end":{"line":53,"column":79}},"17":{"start":{"line":56,"column":25},"end":{"line":70,"column":1}},"18":{"start":{"line":57,"column":6},"end":{"line":69,"column":6}},"19":{"start":{"line":58,"column":25},"end":{"line":58,"column":27}},"20":{"start":{"line":59,"column":10},"end":{"line":67,"column":9}},"21":{"start":{"line":59,"column":24},"end":{"line":59,"column":25}},"22":{"start":{"line":60,"column":26},"end":{"line":60,"column":39}},"23":{"start":{"line":61,"column":14},"end":{"line":66,"column":13}},"24":{"start":{"line":63,"column":16},"end":{"line":63,"column":60}},"25":{"start":{"line":65,"column":16},"end":{"line":65,"column":38}},"26":{"start":{"line":68,"column":8},"end":{"line":68,"column":23}},"27":{"start":{"line":72,"column":21},"end":{"line":81,"column":1}},"28":{"start":{"line":73,"column":2},"end":{"line":80,"column":4}},"29":{"start":{"line":74,"column":23},"end":{"line":74,"column":25}},"30":{"start":{"line":75,"column":8},"end":{"line":78,"column":7}},"31":{"start":{"line":75,"column":22},"end":{"line":75,"column":23}},"32":{"start":{"line":76,"column":26},"end":{"line":76,"column":39}},"33":{"start":{"line":77,"column":10},"end":{"line":77,"column":52}},"34":{"start":{"line":79,"column":6},"end":{"line":79,"column":21}},"35":{"start":{"line":83,"column":19},"end":{"line":99,"column":1}},"36":{"start":{"line":84,"column":2},"end":{"line":98,"column":4}},"37":{"start":{"line":85,"column":23},"end":{"line":85,"column":25}},"38":{"start":{"line":86,"column":8},"end":{"line":95,"column":7}},"39":{"start":{"line":86,"column":22},"end":{"line":86,"column":23}},"40":{"start":{"line":87,"column":24},"end":{"line":87,"column":37}},"41":{"start":{"line":88,"column":12},"end":{"line":94,"column":11}},"42":{"start":{"line":90,"column":14},"end":{"line":90,"column":31}},"43":{"start":{"line":91,"column":14},"end":{"line":91,"column":68}},"44":{"start":{"line":93,"column":14},"end":{"line":93,"column":56}},"45":{"start":{"line":97,"column":6},"end":{"line":97,"column":21}},"46":{"start":{"line":100,"column":2},"end":{"line":117,"column":3}}},"fnMap":{"0":{"name":"(anonymous_0)","decl":{"start":{"line":28,"column":35},"end":{"line":28,"column":36}},"loc":{"start":{"line":28,"column":60},"end":{"line":118,"column":1}},"line":28},"1":{"name":"(anonymous_1)","decl":{"start":{"line":32,"column":58},"end":{"line":32,"column":59}},"loc":{"start":{"line":32,"column":64},"end":{"line":32,"column":119}},"line":32},"2":{"name":"(anonymous_2)","decl":{"start":{"line":33,"column":13},"end":{"line":33,"column":14}},"loc":{"start":{"line":33,"column":19},"end":{"line":40,"column":1}},"line":33},"3":{"name":"(anonymous_3)","decl":{"start":{"line":44,"column":22},"end":{"line":44,"column":23}},"loc":{"start":{"line":44,"column":38},"end":{"line":46,"column":5}},"line":44},"4":{"name":"(anonymous_4)","decl":{"start":{"line":45,"column":15},"end":{"line":45,"column":16}},"loc":{"start":{"line":45,"column":28},"end":{"line":45,"column":48}},"line":45},"5":{"name":"(anonymous_5)","decl":{"start":{"line":48,"column":23},"end":{"line":48,"column":24}},"loc":{"start":{"line":48,"column":43},"end":{"line":50,"column":5}},"line":48},"6":{"name":"(anonymous_6)","decl":{"start":{"line":49,"column":15},"end":{"line":49,"column":16}},"loc":{"start":{"line":49,"column":28},"end":{"line":49,"column":87}},"line":49},"7":{"name":"(anonymous_7)","decl":{"start":{"line":49,"column":45},"end":{"line":49,"column":46}},"loc":{"start":{"line":49,"column":54},"end":{"line":49,"column":86}},"line":49},"8":{"name":"(anonymous_8)","decl":{"start":{"line":52,"column":33},"end":{"line":52,"column":34}},"loc":{"start":{"line":52,"column":39},"end":{"line":54,"column":5}},"line":52},"9":{"name":"(anonymous_9)","decl":{"start":{"line":53,"column":15},"end":{"line":53,"column":16}},"loc":{"start":{"line":53,"column":28},"end":{"line":53,"column":82}},"line":53},"10":{"name":"(anonymous_10)","decl":{"start":{"line":53,"column":45},"end":{"line":53,"column":46}},"loc":{"start":{"line":53,"column":54},"end":{"line":53,"column":81}},"line":53},"11":{"name":"(anonymous_11)","decl":{"start":{"line":56,"column":25},"end":{"line":56,"column":26}},"loc":{"start":{"line":56,"column":61},"end":{"line":70,"column":1}},"line":56},"12":{"name":"(anonymous_12)","decl":{"start":{"line":57,"column":15},"end":{"line":57,"column":16}},"loc":{"start":{"line":57,"column":28},"end":{"line":69,"column":5}},"line":57},"13":{"name":"(anonymous_13)","decl":{"start":{"line":72,"column":21},"end":{"line":72,"column":22}},"loc":{"start":{"line":72,"column":27},"end":{"line":81,"column":1}},"line":72},"14":{"name":"(anonymous_14)","decl":{"start":{"line":73,"column":11},"end":{"line":73,"column":12}},"loc":{"start":{"line":73,"column":24},"end":{"line":80,"column":3}},"line":73},"15":{"name":"(anonymous_15)","decl":{"start":{"line":83,"column":19},"end":{"line":83,"column":20}},"loc":{"start":{"line":83,"column":52},"end":{"line":99,"column":1}},"line":83},"16":{"name":"(anonymous_16)","decl":{"start":{"line":84,"column":11},"end":{"line":84,"column":12}},"loc":{"start":{"line":84,"column":24},"end":{"line":98,"column":3}},"line":84}},"branchMap":{"0":{"loc":{"start":{"line":32,"column":64},"end":{"line":32,"column":119}},"type":"binary-expr","locations":[{"start":{"line":32,"column":64},"end":{"line":32,"column":113}},{"start":{"line":32,"column":117},"end":{"line":32,"column":119}}],"line":32},"1":{"loc":{"start":{"line":32,"column":75},"end":{"line":32,"column":112}},"type":"binary-expr","locations":[{"start":{"line":32,"column":75},"end":{"line":32,"column":104}},{"start":{"line":32,"column":108},"end":{"line":32,"column":112}}],"line":32},"2":{"loc":{"start":{"line":49,"column":63},"end":{"line":49,"column":84}},"type":"binary-expr","locations":[{"start":{"line":49,"column":64},"end":{"line":49,"column":78}},{"start":{"line":49,"column":83},"end":{"line":49,"column":84}}],"line":49},"3":{"loc":{"start":{"line":53,"column":63},"end":{"line":53,"column":79}},"type":"binary-expr","locations":[{"start":{"line":53,"column":64},"end":{"line":53,"column":73}},{"start":{"line":53,"column":78},"end":{"line":53,"column":79}}],"line":53},"4":{"loc":{"start":{"line":61,"column":14},"end":{"line":66,"column":13}},"type":"if","locations":[{"start":{"line":61,"column":14},"end":{"line":66,"column":13}},{"start":{"line":64,"column":20},"end":{"line":66,"column":13}}],"line":61},"5":{"loc":{"start":{"line":88,"column":12},"end":{"line":94,"column":11}},"type":"if","locations":[{"start":{"line":88,"column":12},"end":{"line":94,"column":11}},{"start":{"line":92,"column":18},"end":{"line":94,"column":11}}],"line":88}},"s":{"0":4,"1":4,"2":40,"3":13,"4":40,"5":40,"6":40,"7":7,"8":7,"9":40,"10":1,"11":1,"12":4,"13":40,"14":2,"15":2,"16":6,"17":40,"18":7,"19":7,"20":7,"21":7,"22":18,"23":18,"24":6,"25":12,"26":7,"27":40,"28":22,"29":22,"30":22,"31":22,"32":37,"33":37,"34":22,"35":40,"36":2,"37":2,"38":2,"39":2,"40":8,"41":8,"42":2,"43":2,"44":6,"45":2,"46":40},"f":{"0":40,"1":13,"2":40,"3":7,"4":7,"5":1,"6":1,"7":4,"8":2,"9":2,"10":6,"11":7,"12":7,"13":22,"14":22,"15":2,"16":2},"b":{"0":[13,0],"1":[13,4],"2":[4,3],"3":[6,0],"4":[6,12],"5":[2,6]},"_coverageSchema":"1a1c01bbd47fc00a2c39e90264f33305004495a9","hash":"863517a494724daba4c694c0575b50e109da540e"}
}
