TN:
SF:src\App.tsx
FN:8,App
FNF:1
FNH:1
FNDA:12,App
DA:9,12
DA:10,12
LF:2
LH:2
BRDA:15,0,0,12
BRDA:15,0,1,9
BRF:2
BRH:2
end_of_record
TN:
SF:src\ButtonClear.tsx
FN:5,ButtonClear
FNF:1
FNH:1
FNDA:30,ButtonClear
DA:6,30
DA:7,30
LF:2
LH:2
BRF:0
BRH:0
end_of_record
TN:
SF:src\TaskCard.tsx
FN:11,(anonymous_0)
FN:19,handleChange
FN:21,(anonymous_2)
FN:42,(anonymous_3)
FN:53,(anonymous_4)
FN:60,(anonymous_5)
FNF:6
FNH:6
FNDA:72,(anonymous_0)
FNDA:9,handleChange
FNDA:9,(anonymous_2)
FNDA:7,(anonymous_3)
FNDA:2,(anonymous_4)
FNDA:1,(anonymous_5)
DA:11,3
DA:12,72
DA:13,72
DA:17,72
DA:20,9
DA:21,9
DA:22,9
DA:26,9
DA:27,7
DA:31,2
DA:35,72
DA:42,7
DA:53,2
DA:60,1
LF:14
LH:14
BRDA:24,0,0,7
BRDA:24,0,1,2
BRDA:26,1,0,7
BRDA:26,1,1,2
BRDA:44,2,0,13
BRDA:44,2,1,59
BRDA:58,3,0,3
BRDA:58,3,1,69
BRF:8
BRH:8
end_of_record
TN:
SF:src\TaskForm.tsx
FN:8,TaskForm
FN:22,handleChange
FN:24,(anonymous_2)
FN:36,handleSubmit
FNF:4
FNH:4
FNDA:35,TaskForm
FNDA:7,handleChange
FNDA:7,(anonymous_2)
FNDA:8,handleSubmit
DA:11,35
DA:17,35
DA:19,35
DA:23,7
DA:24,7
DA:25,7
DA:33,7
DA:37,8
DA:38,8
DA:39,7
DA:40,7
DA:47,8
DA:49,35
LF:13
LH:13
BRDA:38,0,0,7
BRDA:38,0,1,1
BRF:2
BRH:2
end_of_record
TN:
SF:src\TaskList.tsx
FN:5,TaskList
FN:10,(anonymous_1)
FNF:2
FNH:2
FNDA:30,TaskList
FNDA:67,(anonymous_1)
DA:6,30
DA:8,30
DA:11,67
LF:3
LH:3
BRF:0
BRH:0
end_of_record
TN:
SF:src\context\TaskContext.tsx
FN:28,(anonymous_0)
FN:32,(anonymous_1)
FN:33,(anonymous_2)
FN:44,(anonymous_3)
FN:45,(anonymous_4)
FN:48,(anonymous_5)
FN:49,(anonymous_6)
FN:49,(anonymous_7)
FN:52,(anonymous_8)
FN:53,(anonymous_9)
FN:53,(anonymous_10)
FN:56,(anonymous_11)
FN:57,(anonymous_12)
FN:72,(anonymous_13)
FN:73,(anonymous_14)
FN:83,(anonymous_15)
FN:84,(anonymous_16)
FNF:17
FNH:17
FNDA:40,(anonymous_0)
FNDA:13,(anonymous_1)
FNDA:40,(anonymous_2)
FNDA:7,(anonymous_3)
FNDA:7,(anonymous_4)
FNDA:1,(anonymous_5)
FNDA:1,(anonymous_6)
FNDA:4,(anonymous_7)
FNDA:2,(anonymous_8)
FNDA:2,(anonymous_9)
FNDA:6,(anonymous_10)
FNDA:7,(anonymous_11)
FNDA:7,(anonymous_12)
FNDA:22,(anonymous_13)
FNDA:22,(anonymous_14)
FNDA:2,(anonymous_15)
FNDA:2,(anonymous_16)
DA:27,4
DA:28,4
DA:32,40
DA:33,40
DA:34,40
DA:44,40
DA:45,7
DA:48,40
DA:49,4
DA:52,40
DA:53,6
DA:56,40
DA:57,7
DA:58,7
DA:59,7
DA:60,18
DA:61,18
DA:63,6
DA:65,12
DA:68,7
DA:72,40
DA:73,22
DA:74,22
DA:75,22
DA:76,37
DA:77,37
DA:79,22
DA:83,40
DA:84,2
DA:85,2
DA:86,2
DA:87,8
DA:88,8
DA:90,2
DA:91,2
DA:93,6
DA:97,2
DA:100,40
LF:38
LH:38
BRDA:32,0,0,13
BRDA:32,0,1,0
BRDA:32,1,0,13
BRDA:32,1,1,4
BRDA:49,2,0,4
BRDA:49,2,1,3
BRDA:53,3,0,6
BRDA:53,3,1,0
BRDA:61,4,0,6
BRDA:61,4,1,12
BRDA:88,5,0,2
BRDA:88,5,1,6
BRF:12
BRH:10
end_of_record
